TN:
SF:src/modules/agreements/services/CreateAgreementService.ts
FN:11,(anonymous_18)
FN:12,CreateAgreementService
FN:23,(anonymous_20)
FNF:3
FNH:3
FNDA:1,(anonymous_18)
FNDA:3,CreateAgreementService
FNDA:3,(anonymous_20)
DA:1,1
DA:3,1
DA:11,1
DA:14,3
DA:17,3
DA:20,3
DA:23,1
DA:24,3
DA:25,3
DA:26,3
DA:28,3
DA:30,3
DA:31,1
DA:36,2
DA:38,2
DA:39,1
DA:44,1
DA:50,1
DA:52,1
LF:19
LH:19
BRDA:28,0,0,3
BRDA:30,1,0,1
BRDA:30,1,1,2
BRDA:38,2,0,1
BRDA:38,2,1,1
BRF:5
BRH:5
end_of_record
TN:
SF:src/modules/contracts/services/AprooveContractService.ts
FN:25,(anonymous_18)
FN:26,AprooveContractService
FN:40,(anonymous_20)
FNF:3
FNH:3
FNDA:1,(anonymous_18)
FNDA:4,AprooveContractService
FNDA:5,(anonymous_20)
DA:1,1
DA:2,1
DA:4,1
DA:10,1
DA:25,1
DA:28,4
DA:31,4
DA:34,4
DA:37,4
DA:40,1
DA:41,5
DA:42,5
DA:43,5
DA:44,5
DA:46,5
DA:48,5
DA:49,1
DA:54,4
DA:55,1
DA:60,3
DA:61,0
DA:62,3
DA:63,3
DA:66,3
DA:72,6
DA:74,6
DA:82,5
DA:83,2
DA:98,6
DA:102,6
DA:106,3
DA:108,1
LF:32
LH:31
BRDA:46,0,0,5
BRDA:46,0,1,3
BRDA:48,1,0,1
BRDA:48,1,1,4
BRDA:54,2,0,1
BRDA:54,2,1,3
BRDA:54,3,0,4
BRDA:54,3,1,3
BRDA:60,4,0,0
BRDA:60,4,1,3
BRDA:60,5,0,3
BRDA:60,5,1,0
BRDA:62,6,0,3
BRDA:62,6,1,0
BRDA:82,7,0,2
BRDA:82,7,1,1
BRF:16
BRH:13
end_of_record
TN:
SF:src/modules/contracts/services/CreateContractService.ts
FN:13,(anonymous_18)
FN:14,CreateContractService
FN:28,(anonymous_20)
FNF:3
FNH:3
FNDA:1,(anonymous_18)
FNDA:3,CreateContractService
FNDA:3,(anonymous_20)
DA:1,1
DA:3,1
DA:13,1
DA:16,3
DA:19,3
DA:22,3
DA:25,3
DA:28,1
DA:29,3
DA:30,3
DA:32,3
DA:36,3
DA:37,1
DA:42,2
DA:46,2
DA:47,1
DA:52,1
DA:57,2
DA:61,1
DA:63,1
LF:20
LH:20
BRDA:32,0,0,3
BRDA:36,1,0,1
BRDA:36,1,1,2
BRDA:46,2,0,1
BRDA:46,2,1,1
BRF:5
BRH:5
end_of_record
TN:
SF:src/modules/contracts/services/DisaprooveContractService.ts
FN:22,(anonymous_18)
FN:23,DisaprooveContractService
FN:34,(anonymous_20)
FNF:3
FNH:3
FNDA:1,(anonymous_18)
FNDA:4,DisaprooveContractService
FNDA:4,(anonymous_20)
DA:1,1
DA:3,1
DA:8,1
DA:22,1
DA:25,4
DA:28,4
DA:31,4
DA:34,1
DA:35,4
DA:36,4
DA:37,4
DA:39,4
DA:41,4
DA:42,1
DA:47,3
DA:48,1
DA:53,2
DA:55,4
DA:57,3
DA:58,2
DA:75,4
DA:79,2
DA:81,1
LF:23
LH:23
BRDA:39,0,0,4
BRDA:39,0,1,2
BRDA:41,1,0,1
BRDA:41,1,1,3
BRDA:47,2,0,1
BRDA:47,2,1,2
BRDA:47,3,0,3
BRDA:47,3,1,2
BRDA:57,4,0,1
BRDA:57,4,1,1
BRDA:69,5,0,1
BRDA:69,5,1,0
BRF:12
BRH:11
end_of_record
TN:
SF:src/modules/contracts/services/FindContractByIdService.ts
FN:8,(anonymous_18)
FN:9,FindContractByIdService
FN:14,(anonymous_20)
FNF:3
FNH:3
FNDA:1,(anonymous_18)
FNDA:2,FindContractByIdService
FNDA:2,(anonymous_20)
DA:1,1
DA:3,1
DA:8,1
DA:11,2
DA:14,1
DA:15,2
DA:17,2
DA:18,1
DA:21,1
DA:23,1
LF:10
LH:10
BRDA:15,0,0,2
BRDA:17,1,0,1
BRDA:17,1,1,1
BRF:3
BRH:3
end_of_record
TN:
SF:src/modules/contracts/services/GenerateChecklistPDFService.ts
FN:18,(anonymous_18)
FN:19,GenerateChecklistPDFService
FN:30,(anonymous_20)
FNF:3
FNH:0
FNDA:0,(anonymous_18)
FNDA:0,GenerateChecklistPDFService
FNDA:0,(anonymous_20)
DA:1,0
DA:2,0
DA:4,0
DA:6,0
DA:7,0
DA:18,0
DA:21,0
DA:24,0
DA:27,0
DA:30,0
DA:31,0
DA:33,0
DA:34,0
DA:37,0
DA:40,0
DA:43,0
DA:44,0
DA:46,0
DA:56,0
DA:279,0
DA:281,0
DA:283,0
DA:284,0
DA:287,0
DA:289,0
DA:291,0
DA:293,0
DA:295,0
LF:28
LH:0
BRDA:31,0,0,0
BRDA:33,1,0,0
BRDA:33,1,1,0
BRDA:283,2,0,0
BRDA:283,2,1,0
BRF:5
BRH:0
end_of_record
TN:
SF:src/modules/contracts/services/GenerateContractPDFService.ts
FN:19,(anonymous_18)
FN:20,GenerateContractPDFService
FN:31,(anonymous_20)
FNF:3
FNH:0
FNDA:0,(anonymous_18)
FNDA:0,GenerateContractPDFService
FNDA:0,(anonymous_20)
DA:1,0
DA:2,0
DA:3,0
DA:6,0
DA:8,0
DA:19,0
DA:22,0
DA:25,0
DA:28,0
DA:31,0
DA:32,0
DA:34,0
DA:35,0
DA:38,0
DA:41,0
DA:44,0
DA:45,0
DA:47,0
DA:57,0
DA:701,0
DA:703,0
DA:705,0
DA:706,0
DA:709,0
DA:711,0
DA:713,0
DA:715,0
DA:717,0
LF:28
LH:0
BRDA:32,0,0,0
BRDA:34,1,0,0
BRDA:34,1,1,0
BRDA:705,2,0,0
BRDA:705,2,1,0
BRF:5
BRH:0
end_of_record
TN:
SF:src/modules/contracts/services/GenerateEnrollmentFormPDFService.ts
FN:18,(anonymous_18)
FN:19,GenerateEnrollmentFormPDFService
FN:30,(anonymous_20)
FNF:3
FNH:0
FNDA:0,(anonymous_18)
FNDA:0,GenerateEnrollmentFormPDFService
FNDA:0,(anonymous_20)
DA:1,0
DA:2,0
DA:4,0
DA:6,0
DA:7,0
DA:18,0
DA:21,0
DA:24,0
DA:27,0
DA:30,0
DA:31,0
DA:33,0
DA:34,0
DA:37,0
DA:40,0
DA:43,0
DA:44,0
DA:46,0
DA:56,0
DA:320,0
DA:322,0
DA:324,0
DA:325,0
DA:330,0
DA:332,0
DA:334,0
DA:336,0
DA:338,0
LF:28
LH:0
BRDA:31,0,0,0
BRDA:33,1,0,0
BRDA:33,1,1,0
BRDA:251,2,0,0
BRDA:251,2,1,0
BRDA:257,3,0,0
BRDA:257,3,1,0
BRDA:264,4,0,0
BRDA:264,4,1,0
BRDA:271,5,0,0
BRDA:271,5,1,0
BRDA:278,6,0,0
BRDA:278,6,1,0
BRDA:285,7,0,0
BRDA:285,7,1,0
BRDA:292,8,0,0
BRDA:292,8,1,0
BRDA:324,9,0,0
BRDA:324,9,1,0
BRF:19
BRH:0
end_of_record
TN:
SF:src/modules/contracts/services/IndexAcceptedAndActiveContractsByGradeIdService.ts
FN:8,(anonymous_17)
FN:9,IndexAcceptedAndActiveContractsByGradeIdService
FN:17,(anonymous_19)
FNF:3
FNH:3
FNDA:1,(anonymous_17)
FNDA:1,IndexAcceptedAndActiveContractsByGradeIdService
FNDA:1,(anonymous_19)
DA:1,1
DA:8,1
DA:11,1
DA:14,1
DA:17,1
DA:18,1
DA:22,1
DA:23,1
DA:27,2
DA:33,1
DA:35,1
DA:37,1
LF:12
LH:12
BRDA:18,0,0,1
BRDA:18,0,1,1
BRDA:22,1,0,0
BRDA:22,1,1,1
BRF:4
BRH:3
end_of_record
TN:
SF:src/modules/contracts/services/IndexAcceptedAndActiveContractsByStudentNameService.ts
FN:9,(anonymous_18)
FN:10,IndexAcceptedAndActiveContractsByStudentNameService
FN:18,(anonymous_20)
FNF:3
FNH:0
FNDA:0,(anonymous_18)
FNDA:0,IndexAcceptedAndActiveContractsByStudentNameService
FNDA:0,(anonymous_20)
DA:1,0
DA:4,0
DA:9,0
DA:12,0
DA:15,0
DA:18,0
DA:22,0
DA:24,0
DA:26,0
DA:27,0
DA:30,0
DA:32,0
DA:37,0
DA:39,0
DA:41,0
LF:15
LH:0
BRDA:26,0,0,0
BRDA:26,0,1,0
BRF:2
BRH:0
end_of_record
TN:
SF:src/modules/contracts/services/IndexActiveContractsByGradeIdService.ts
FN:8,(anonymous_17)
FN:9,IndexActiveContractsByGradeIdService
FN:17,(anonymous_19)
FNF:3
FNH:3
FNDA:1,(anonymous_17)
FNDA:1,IndexActiveContractsByGradeIdService
FNDA:1,(anonymous_19)
DA:2,1
DA:8,1
DA:11,1
DA:14,1
DA:17,1
DA:18,1
DA:22,1
DA:23,1
DA:27,2
DA:33,1
DA:35,1
DA:37,1
LF:12
LH:12
BRDA:18,0,0,1
BRDA:18,0,1,1
BRDA:22,1,0,0
BRDA:22,1,1,1
BRF:4
BRH:3
end_of_record
TN:
SF:src/modules/contracts/services/IndexActiveContractsByStudentNameService.ts
FN:9,(anonymous_18)
FN:10,IndexActiveContractsByStudentNameService
FN:18,(anonymous_20)
FNF:3
FNH:0
FNDA:0,(anonymous_18)
FNDA:0,IndexActiveContractsByStudentNameService
FNDA:0,(anonymous_20)
DA:1,0
DA:4,0
DA:9,0
DA:12,0
DA:15,0
DA:18,0
DA:22,0
DA:24,0
DA:26,0
DA:27,0
DA:30,0
DA:32,0
DA:37,0
DA:39,0
DA:41,0
LF:15
LH:0
BRDA:26,0,0,0
BRDA:26,0,1,0
BRF:2
BRH:0
end_of_record
TN:
SF:src/modules/contracts/services/IndexUnderAnalysisAndPendentContractsByGradeIdService.ts
FN:8,(anonymous_17)
FN:9,IndexUnderAnalysisAndPendentContractsByGradeService
FN:17,(anonymous_19)
FNF:3
FNH:3
FNDA:1,(anonymous_17)
FNDA:1,IndexUnderAnalysisAndPendentContractsByGradeService
FNDA:1,(anonymous_19)
DA:1,1
DA:8,1
DA:11,1
DA:14,1
DA:17,1
DA:18,1
DA:22,1
DA:23,1
DA:27,2
DA:33,1
DA:35,1
DA:37,1
LF:12
LH:12
BRDA:18,0,0,1
BRDA:18,0,1,1
BRDA:22,1,0,0
BRDA:22,1,1,1
BRF:4
BRH:3
end_of_record
TN:
SF:src/modules/contracts/services/IndexUnderAnalysisAndPendentContractsByStudentNameService.ts
FN:9,(anonymous_18)
FN:10,IndexUnderAnalysisAndPendentContractsByStudentNameService
FN:18,(anonymous_20)
FNF:3
FNH:0
FNDA:0,(anonymous_18)
FNDA:0,IndexUnderAnalysisAndPendentContractsByStudentNameService
FNDA:0,(anonymous_20)
DA:1,0
DA:4,0
DA:9,0
DA:12,0
DA:15,0
DA:18,0
DA:22,0
DA:24,0
DA:26,0
DA:27,0
DA:30,0
DA:32,0
DA:37,0
DA:39,0
DA:41,0
LF:15
LH:0
BRDA:26,0,0,0
BRDA:26,0,1,0
BRF:2
BRH:0
end_of_record
TN:
SF:src/modules/contracts/services/UpdateContractGradeService.ts
FN:15,(anonymous_18)
FN:16,UpdateContractGradeService
FN:27,(anonymous_20)
FNF:3
FNH:3
FNDA:1,(anonymous_18)
FNDA:3,UpdateContractGradeService
FNDA:3,(anonymous_20)
DA:1,1
DA:3,1
DA:15,1
DA:18,3
DA:21,3
DA:24,3
DA:27,1
DA:28,3
DA:29,3
DA:31,3
DA:33,3
DA:34,1
DA:39,2
DA:43,0
DA:48,2
DA:50,2
DA:51,1
DA:56,2
DA:60,1
DA:62,2
DA:64,2
DA:68,1
DA:70,1
LF:23
LH:22
BRDA:31,0,0,3
BRDA:33,1,0,1
BRDA:33,1,1,2
BRDA:39,2,0,0
BRDA:39,2,1,2
BRDA:40,3,0,2
BRDA:40,3,1,2
BRDA:50,4,0,1
BRDA:50,4,1,1
BRF:9
BRH:8
end_of_record
TN:
SF:src/modules/debits/services/CreateExtraDebitService.ts
FN:11,(anonymous_18)
FN:12,CreateExtraDebitService
FN:20,(anonymous_20)
FNF:3
FNH:3
FNDA:1,(anonymous_18)
FNDA:6,CreateExtraDebitService
FNDA:6,(anonymous_20)
DA:1,1
DA:2,1
DA:4,1
DA:11,1
DA:14,6
DA:17,6
DA:20,1
DA:21,6
DA:22,6
DA:23,6
DA:24,6
DA:25,6
DA:26,6
DA:28,6
DA:30,6
DA:31,1
DA:36,5
DA:37,1
DA:42,4
DA:43,1
DA:48,3
DA:49,1
DA:54,2
DA:55,1
DA:60,1
DA:70,1
DA:72,1
DA:74,1
LF:28
LH:28
BRDA:28,0,0,6
BRDA:30,1,0,1
BRDA:30,1,1,5
BRDA:36,2,0,1
BRDA:36,2,1,4
BRDA:42,3,0,1
BRDA:42,3,1,3
BRDA:48,4,0,1
BRDA:48,4,1,2
BRDA:48,5,0,3
BRDA:48,5,1,1
BRDA:54,6,0,1
BRDA:54,6,1,1
BRF:13
BRH:13
end_of_record
TN:
SF:src/modules/debits/services/DeleteExtraDebitService.ts
FN:8,(anonymous_18)
FN:9,DeleteExtraDebitService
FN:14,(anonymous_20)
FNF:3
FNH:3
FNDA:1,(anonymous_18)
FNDA:4,DeleteExtraDebitService
FNDA:4,(anonymous_20)
DA:1,1
DA:2,1
DA:4,1
DA:8,1
DA:11,4
DA:14,1
DA:15,4
DA:17,4
DA:18,1
DA:23,3
DA:24,1
DA:29,2
DA:30,1
DA:35,2
DA:37,1
DA:39,1
LF:16
LH:16
BRDA:15,0,0,4
BRDA:17,1,0,1
BRDA:17,1,1,3
BRDA:23,2,0,1
BRDA:23,2,1,2
BRDA:29,3,0,1
BRDA:29,3,1,1
BRF:7
BRH:7
end_of_record
TN:
SF:src/modules/debits/services/IndexDebitsByContractService.ts
FN:9,(anonymous_18)
FN:10,IndexDebitsByContractService
FN:18,(anonymous_20)
FNF:3
FNH:3
FNDA:1,(anonymous_18)
FNDA:4,IndexDebitsByContractService
FNDA:4,(anonymous_20)
DA:1,1
DA:3,1
DA:9,1
DA:12,4
DA:15,4
DA:18,1
DA:19,4
DA:21,4
DA:22,1
DA:27,3
DA:28,1
DA:33,2
DA:35,2
DA:37,1
LF:14
LH:14
BRDA:19,0,0,4
BRDA:21,1,0,1
BRDA:21,1,1,3
BRDA:27,2,0,1
BRDA:27,2,1,2
BRDA:27,3,0,3
BRDA:27,3,1,1
BRF:7
BRH:7
end_of_record
TN:
SF:src/modules/debits/services/IndexUnpaidExtraDebitsByContractService.ts
FN:9,(anonymous_18)
FN:10,IndexDebitsByContractService
FN:18,(anonymous_20)
FNF:3
FNH:0
FNDA:0,(anonymous_18)
FNDA:0,IndexDebitsByContractService
FNDA:0,(anonymous_20)
DA:1,0
DA:3,0
DA:9,0
DA:12,0
DA:15,0
DA:18,0
DA:19,0
DA:21,0
DA:22,0
DA:27,0
DA:28,0
DA:33,0
DA:37,0
DA:39,0
LF:14
LH:0
BRDA:19,0,0,0
BRDA:21,1,0,0
BRDA:21,1,1,0
BRDA:27,2,0,0
BRDA:27,2,1,0
BRF:5
BRH:0
end_of_record
TN:
SF:src/modules/debits/services/UpdateExtraDebitService.ts
FN:12,(anonymous_18)
FN:13,UpdateExtraDebitService
FN:18,(anonymous_20)
FNF:3
FNH:3
FNDA:1,(anonymous_18)
FNDA:7,UpdateExtraDebitService
FNDA:7,(anonymous_20)
DA:1,1
DA:3,1
DA:4,1
DA:6,1
DA:12,1
DA:15,7
DA:18,1
DA:19,7
DA:20,7
DA:21,7
DA:22,7
DA:23,7
DA:24,7
DA:26,7
DA:28,7
DA:29,1
DA:34,6
DA:35,1
DA:40,5
DA:41,1
DA:46,4
DA:47,1
DA:52,3
DA:53,1
DA:58,2
DA:59,1
DA:64,1
DA:72,1
DA:74,1
DA:76,1
DA:78,1
LF:31
LH:31
BRDA:26,0,0,7
BRDA:28,1,0,1
BRDA:28,1,1,6
BRDA:34,2,0,1
BRDA:34,2,1,5
BRDA:40,3,0,1
BRDA:40,3,1,4
BRDA:46,4,0,1
BRDA:46,4,1,3
BRDA:52,5,0,1
BRDA:52,5,1,2
BRDA:52,6,0,3
BRDA:52,6,1,2
BRDA:58,7,0,1
BRDA:58,7,1,1
BRF:15
BRH:15
end_of_record
TN:
SF:src/modules/discharges/services/CreateDischargeService.ts
FN:12,(anonymous_18)
FN:13,CreateDischargeService
FN:27,(anonymous_20)
FNF:3
FNH:3
FNDA:1,(anonymous_18)
FNDA:4,CreateDischargeService
FNDA:5,(anonymous_20)
DA:1,1
DA:3,1
DA:12,1
DA:15,4
DA:18,4
DA:21,4
DA:24,4
DA:27,1
DA:28,5
DA:29,5
DA:31,5
DA:33,5
DA:34,1
DA:39,4
DA:41,4
DA:42,1
DA:47,3
DA:48,1
DA:53,2
DA:59,2
DA:61,4
DA:63,2
DA:65,1
LF:23
LH:23
BRDA:31,0,0,5
BRDA:33,1,0,1
BRDA:33,1,1,4
BRDA:41,2,0,1
BRDA:41,2,1,3
BRDA:47,3,0,1
BRDA:47,3,1,2
BRF:7
BRH:7
end_of_record
TN:
SF:src/modules/enrollments/services/CreateEnrollmentService.ts
FN:28,(anonymous_18)
FN:29,CreateEnrollmentService
FN:46,(anonymous_20)
FNF:3
FNH:0
FNDA:0,(anonymous_18)
FNDA:0,CreateEnrollmentService
FNDA:0,(anonymous_20)
DA:1,0
DA:3,0
DA:4,0
DA:5,0
DA:6,0
DA:7,0
DA:13,0
DA:28,0
DA:31,0
DA:34,0
DA:37,0
DA:40,0
DA:43,0
DA:46,0
DA:47,0
DA:48,0
DA:49,0
DA:50,0
DA:51,0
DA:52,0
DA:54,0
DA:56,0
DA:63,0
DA:69,0
DA:70,0
DA:71,0
DA:72,0
DA:73,0
DA:77,0
DA:79,0
DA:81,0
DA:86,0
DA:88,0
DA:90,0
DA:91,0
DA:95,0
DA:97,0
DA:103,0
DA:109,0
DA:114,0
DA:122,0
DA:127,0
DA:129,0
DA:130,0
DA:134,0
DA:136,0
DA:139,0
DA:145,0
DA:150,0
DA:158,0
DA:163,0
DA:169,0
DA:170,0
DA:171,0
DA:172,0
DA:173,0
DA:174,0
DA:175,0
DA:176,0
DA:177,0
DA:178,0
DA:179,0
DA:180,0
DA:181,0
DA:182,0
DA:183,0
DA:184,0
DA:187,0
DA:189,0
DA:193,0
DA:196,0
LF:71
LH:0
BRDA:103,0,0,0
BRDA:103,0,1,0
BRDA:103,0,2,0
BRDA:103,0,3,0
BRDA:103,0,4,0
BRDA:103,0,5,0
BRDA:103,0,6,0
BRDA:103,0,7,0
BRDA:103,0,8,0
BRDA:56,1,0,0
BRDA:56,1,1,0
BRDA:57,2,0,0
BRDA:57,2,1,0
BRDA:57,2,2,0
BRDA:57,2,3,0
BRDA:57,2,4,0
BRDA:90,3,0,0
BRDA:90,3,1,0
BRDA:129,4,0,0
BRDA:129,4,1,0
BRDA:169,5,0,0
BRDA:169,5,1,0
BRDA:171,6,0,0
BRDA:171,6,1,0
BRDA:171,6,2,0
BRDA:171,6,3,0
BRDA:171,6,4,0
BRF:27
BRH:0
end_of_record
TN:
SF:src/modules/grades/services/CreateGradeService.ts
FN:10,(anonymous_18)
FN:11,CreateGradeService
FN:19,(anonymous_20)
FNF:3
FNH:3
FNDA:1,(anonymous_18)
FNDA:2,CreateGradeService
FNDA:3,(anonymous_20)
DA:2,1
DA:4,1
DA:10,1
DA:13,2
DA:16,2
DA:19,1
DA:20,3
DA:21,3
DA:22,3
DA:24,3
DA:29,3
DA:30,1
DA:35,2
DA:41,4
DA:43,2
DA:45,1
LF:16
LH:16
BRDA:24,0,0,3
BRDA:29,1,0,1
BRDA:29,1,1,2
BRF:3
BRH:3
end_of_record
TN:
SF:src/modules/grades/services/FindGradeByIdService.ts
FN:8,(anonymous_18)
FN:9,FindGradeByIdService
FN:14,(anonymous_20)
FNF:3
FNH:3
FNDA:1,(anonymous_18)
FNDA:2,FindGradeByIdService
FNDA:2,(anonymous_20)
DA:1,1
DA:5,1
DA:8,1
DA:11,2
DA:14,1
DA:15,2
DA:17,2
DA:18,1
DA:23,1
DA:25,1
LF:10
LH:10
BRDA:15,0,0,2
BRDA:17,1,0,1
BRDA:17,1,1,1
BRF:3
BRH:3
end_of_record
TN:
SF:src/modules/grades/services/IndexGradesService.ts
FN:8,(anonymous_17)
FN:9,IndexGradesService
FN:17,(anonymous_19)
FNF:3
FNH:3
FNDA:1,(anonymous_17)
FNDA:2,IndexGradesService
FNDA:3,(anonymous_19)
DA:1,1
DA:8,1
DA:11,2
DA:14,2
DA:17,1
DA:18,3
DA:20,4
DA:21,2
DA:23,4
DA:26,3
DA:28,1
LF:11
LH:11
BRDA:18,0,0,3
BRDA:18,0,1,3
BRDA:20,1,0,1
BRDA:20,1,1,2
BRF:4
BRH:4
end_of_record
TN:
SF:src/modules/grades/services/UpdateGradeService.ts
FN:10,(anonymous_18)
FN:11,UpdateGradeService
FN:19,(anonymous_20)
FNF:3
FNH:3
FNDA:1,(anonymous_18)
FNDA:3,UpdateGradeService
FNDA:3,(anonymous_20)
DA:2,1
DA:4,1
DA:10,1
DA:13,3
DA:16,3
DA:19,1
DA:20,3
DA:22,3
DA:23,1
DA:28,2
DA:33,2
DA:37,1
DA:42,1
DA:44,2
DA:46,2
DA:48,1
DA:50,1
LF:17
LH:17
BRDA:20,0,0,3
BRDA:22,1,0,1
BRDA:22,1,1,2
BRDA:33,2,0,1
BRDA:33,2,1,1
BRDA:34,3,0,2
BRDA:34,3,1,1
BRF:7
BRH:7
end_of_record
TN:
SF:src/modules/payments/services/CreateEnrollmentPaymentService.ts
FN:35,(anonymous_18)
FN:36,CreatePaymentService
FN:77,(anonymous_20)
FNF:3
FNH:3
FNDA:1,(anonymous_18)
FNDA:8,CreatePaymentService
FNDA:9,(anonymous_20)
DA:1,1
DA:2,1
DA:3,1
DA:4,1
DA:6,1
DA:20,1
DA:22,1
DA:35,1
DA:38,8
DA:41,8
DA:44,8
DA:47,8
DA:50,8
DA:53,8
DA:56,8
DA:59,8
DA:62,8
DA:65,8
DA:68,8
DA:71,8
DA:74,8
DA:77,1
DA:78,9
DA:79,9
DA:80,9
DA:82,9
DA:84,9
DA:85,1
DA:90,8
DA:92,8
DA:93,1
DA:98,7
DA:99,1
DA:104,6
DA:105,1
DA:110,5
DA:114,5
DA:115,1
DA:120,4
DA:122,4
DA:123,0
DA:128,4
DA:148,8
DA:150,4
DA:158,4
DA:160,8
DA:162,4
DA:164,8
DA:166,4
DA:168,5
DA:169,3
DA:173,3
DA:176,4
DA:178,4
DA:180,4
DA:184,4
DA:186,8
DA:188,4
DA:192,5
DA:193,3
DA:197,3
DA:200,12
DA:201,4
DA:203,4
DA:205,4
DA:207,4
DA:208,4
DA:210,4
DA:212,4
DA:214,4
DA:220,8
DA:226,4
DA:229,4
DA:231,4
DA:253,4
DA:255,4
DA:258,4
DA:262,4
DA:265,48
DA:266,44
DA:271,88
DA:281,8
DA:283,8
DA:285,4
DA:287,1
LF:85
LH:84
BRDA:82,0,0,9
BRDA:82,0,1,4
BRDA:82,0,2,4
BRDA:82,0,3,4
BRDA:84,1,0,1
BRDA:84,1,1,8
BRDA:92,2,0,1
BRDA:92,2,1,7
BRDA:98,3,0,1
BRDA:98,3,1,6
BRDA:104,4,0,1
BRDA:104,4,1,5
BRDA:114,5,0,1
BRDA:114,5,1,4
BRDA:122,6,0,0
BRDA:122,6,1,4
BRDA:168,7,0,1
BRDA:168,7,1,3
BRDA:192,8,0,1
BRDA:192,8,1,3
BRDA:200,9,0,4
BRDA:200,9,1,4
BRDA:207,10,0,0
BRDA:207,10,1,4
BRDA:227,11,0,3
BRDA:227,11,1,1
BRDA:229,12,0,3
BRDA:229,12,1,1
BRDA:265,13,0,4
BRDA:265,13,1,44
BRF:30
BRH:28
end_of_record
TN:
SF:src/modules/payments/services/CreatePaymentService.ts
FN:15,(anonymous_18)
FN:16,CreatePaymentService
FN:36,(anonymous_20)
FNF:3
FNH:3
FNDA:1,(anonymous_18)
FNDA:5,CreatePaymentService
FNDA:6,(anonymous_20)
DA:1,1
DA:2,1
DA:4,1
DA:15,1
DA:18,5
DA:21,5
DA:24,5
DA:27,5
DA:30,5
DA:33,5
DA:36,1
DA:37,6
DA:38,6
DA:39,6
DA:41,6
DA:43,6
DA:44,1
DA:49,5
DA:51,5
DA:52,1
DA:57,4
DA:58,1
DA:63,3
DA:64,1
DA:69,2
DA:73,2
DA:74,0
DA:79,2
DA:81,2
DA:83,2
DA:85,2
DA:87,2
DA:88,0
DA:93,0
DA:95,0
DA:97,0
DA:98,2
DA:99,2
DA:101,2
DA:104,2
DA:125,4
DA:127,2
DA:135,2
DA:137,4
DA:139,2
DA:141,1
LF:46
LH:41
BRDA:41,0,0,6
BRDA:43,1,0,1
BRDA:43,1,1,5
BRDA:51,2,0,1
BRDA:51,2,1,4
BRDA:57,3,0,1
BRDA:57,3,1,3
BRDA:63,4,0,1
BRDA:63,4,1,2
BRDA:73,5,0,0
BRDA:73,5,1,2
BRDA:87,6,0,0
BRDA:87,6,1,2
BRDA:87,7,0,2
BRDA:87,7,1,0
BRDA:98,8,0,2
BRDA:98,8,1,0
BRF:17
BRH:13
end_of_record
TN:
SF:src/modules/payments/services/IndexPaymentsByContractService.ts
FN:7,(anonymous_17)
FN:8,IndexPaymentsByContractService
FN:13,(anonymous_19)
FNF:3
FNH:3
FNDA:1,(anonymous_17)
FNDA:1,IndexPaymentsByContractService
FNDA:1,(anonymous_19)
DA:1,1
DA:7,1
DA:10,1
DA:13,1
DA:14,1
DA:18,1
DA:20,1
LF:7
LH:7
BRDA:14,0,0,1
BRF:1
BRH:1
end_of_record
TN:
SF:src/modules/persons/services/CreatePersonService.ts
FN:11,(anonymous_18)
FN:12,CreatePersonService
FN:17,(anonymous_20)
FNF:3
FNH:3
FNDA:1,(anonymous_18)
FNDA:3,CreatePersonService
FNDA:4,(anonymous_20)
DA:1,1
DA:3,1
DA:5,1
DA:6,1
DA:11,1
DA:14,3
DA:17,1
DA:18,4
DA:20,4
DA:21,0
DA:26,4
DA:28,4
DA:29,1
DA:34,3
DA:42,3
DA:43,1
DA:48,2
DA:50,2
DA:52,1
LF:19
LH:18
BRDA:20,0,0,0
BRDA:20,0,1,4
BRDA:28,1,0,1
BRDA:28,1,1,3
BRDA:42,2,0,1
BRDA:42,2,1,2
BRF:6
BRH:5
end_of_record
TN:
SF:src/modules/persons/services/FindPersonByCpfService.ts
FN:14,(anonymous_18)
FN:15,FindPersonByCpfService
FN:20,(anonymous_20)
FNF:3
FNH:3
FNDA:1,(anonymous_18)
FNDA:2,FindPersonByCpfService
FNDA:2,(anonymous_20)
DA:1,1
DA:3,1
DA:5,1
DA:14,1
DA:17,2
DA:20,1
DA:21,2
DA:22,0
DA:27,2
DA:29,2
DA:30,1
DA:33,1
DA:35,1
DA:37,1
LF:14
LH:13
BRDA:21,0,0,0
BRDA:21,0,1,2
BRDA:29,1,0,1
BRDA:29,1,1,1
BRF:4
BRH:3
end_of_record
TN:
SF:src/modules/persons/services/UpdatePersonPhotosService.ts
FN:21,(anonymous_18)
FN:22,UpdatePersonPhotosService
FN:30,(anonymous_20)
FNF:3
FNH:3
FNDA:1,(anonymous_18)
FNDA:4,UpdatePersonPhotosService
FNDA:5,(anonymous_20)
DA:1,1
DA:3,1
DA:21,1
DA:24,4
DA:27,4
DA:30,1
DA:31,5
DA:32,5
DA:33,5
DA:34,5
DA:36,5
DA:38,5
DA:39,1
DA:44,4
DA:46,4
DA:47,4
DA:48,4
DA:49,3
DA:54,22
DA:55,18
DA:57,15
DA:58,6
DA:61,9
DA:64,8
DA:66,4
DA:68,1
LF:26
LH:26
BRDA:36,0,0,5
BRDA:36,0,1,4
BRDA:38,1,0,1
BRDA:38,1,1,4
BRDA:46,2,0,3
BRDA:46,2,1,1
BRDA:47,3,0,3
BRDA:47,3,1,1
BRDA:48,4,0,3
BRDA:48,4,1,1
BRDA:54,5,0,4
BRDA:54,5,1,9
BRDA:57,6,0,6
BRDA:57,6,1,3
BRF:14
BRH:14
end_of_record
TN:
SF:src/modules/persons/services/UpdatePersonService.ts
FN:9,(anonymous_19)
FN:10,UpdatePersonService
FN:15,(anonymous_21)
FNF:3
FNH:3
FNDA:1,(anonymous_19)
FNDA:2,UpdatePersonService
FNDA:2,(anonymous_21)
DA:1,1
DA:3,1
DA:9,1
DA:12,2
DA:15,2
DA:16,2
DA:18,2
DA:19,1
DA:24,1
DA:26,2
DA:28,1
DA:30,1
LF:12
LH:12
BRDA:16,0,0,2
BRDA:18,1,0,1
BRDA:18,1,1,1
BRF:3
BRH:3
end_of_record
TN:
SF:src/modules/profiles/services/CreateProfileService.ts
FN:10,(anonymous_18)
FN:11,CreateProfileService
FN:19,(anonymous_20)
FNF:3
FNH:3
FNDA:1,(anonymous_18)
FNDA:2,CreateProfileService
FNDA:3,(anonymous_20)
DA:1,1
DA:4,1
DA:10,1
DA:13,2
DA:16,2
DA:19,1
DA:20,3
DA:24,3
DA:25,1
DA:30,2
DA:32,4
DA:34,2
DA:36,1
DA:38,1
LF:14
LH:14
BRDA:20,0,0,3
BRDA:24,1,0,1
BRDA:24,1,1,2
BRF:3
BRH:3
end_of_record
TN:
SF:src/modules/profiles/services/IndexProfilesService.ts
FN:8,(anonymous_17)
FN:9,IndexProfilesService
FN:17,(anonymous_19)
FNF:3
FNH:3
FNDA:1,(anonymous_17)
FNDA:3,IndexProfilesService
FNDA:4,(anonymous_19)
DA:1,1
DA:8,1
DA:11,3
DA:14,3
DA:17,1
DA:18,4
DA:20,5
DA:21,3
DA:23,6
DA:26,4
DA:28,1
LF:11
LH:11
BRDA:18,0,0,4
BRDA:18,0,1,4
BRDA:20,1,0,1
BRDA:20,1,1,3
BRF:4
BRH:4
end_of_record
TN:
SF:src/modules/profiles/services/UpdateProfileService.ts
FN:10,(anonymous_20)
FN:11,UpdateProfileService
FN:19,(anonymous_22)
FNF:3
FNH:3
FNDA:1,(anonymous_20)
FNDA:3,UpdateProfileService
FNDA:3,(anonymous_22)
DA:1,1
DA:4,1
DA:10,1
DA:13,3
DA:16,3
DA:19,1
DA:20,3
DA:22,3
DA:23,1
DA:28,2
DA:32,2
DA:33,1
DA:38,1
DA:40,2
DA:42,2
DA:44,1
DA:46,1
DA:48,1
LF:18
LH:18
BRDA:20,0,0,3
BRDA:22,1,0,1
BRDA:22,1,1,2
BRDA:32,2,0,1
BRDA:32,2,1,1
BRDA:32,3,0,2
BRDA:32,3,1,1
BRF:7
BRH:7
end_of_record
TN:
SF:src/modules/relationships/services/CreateRelationshipService.ts
FN:11,(anonymous_18)
FN:12,CreaterelationshipService
FN:23,(anonymous_20)
FNF:3
FNH:3
FNDA:1,(anonymous_18)
FNDA:3,CreaterelationshipService
FNDA:3,(anonymous_20)
DA:1,1
DA:3,1
DA:11,1
DA:14,3
DA:17,3
DA:20,3
DA:23,1
DA:24,3
DA:25,3
DA:26,3
DA:28,3
DA:30,3
DA:31,1
DA:36,2
DA:38,2
DA:39,1
DA:44,1
DA:50,1
DA:52,1
LF:19
LH:19
BRDA:28,0,0,3
BRDA:30,1,0,1
BRDA:30,1,1,2
BRDA:38,2,0,1
BRDA:38,2,1,1
BRF:5
BRH:5
end_of_record
TN:
SF:src/modules/students/services/CreateStudentService.ts
FN:8,(anonymous_17)
FN:9,CreateStudentService
FN:14,(anonymous_19)
FNF:3
FNH:3
FNDA:1,(anonymous_17)
FNDA:1,CreateStudentService
FNDA:1,(anonymous_19)
DA:1,1
DA:8,1
DA:11,1
DA:14,1
DA:15,1
DA:17,1
DA:19,1
LF:7
LH:7
BRDA:15,0,0,1
BRF:1
BRH:1
end_of_record
TN:
SF:src/modules/students/services/UpdateStudentPhotosService.ts
FN:30,(anonymous_18)
FN:31,UpdateStudentPhotosService
FN:39,(anonymous_20)
FNF:3
FNH:3
FNDA:1,(anonymous_18)
FNDA:4,UpdateStudentPhotosService
FNDA:5,(anonymous_20)
DA:1,1
DA:3,1
DA:30,1
DA:33,4
DA:36,4
DA:39,1
DA:40,5
DA:41,5
DA:42,5
DA:43,5
DA:44,5
DA:45,5
DA:46,5
DA:48,5
DA:50,5
DA:51,1
DA:56,4
DA:58,4
DA:59,3
DA:64,4
DA:65,3
DA:70,4
DA:71,3
DA:76,4
DA:77,3
DA:82,4
DA:83,3
DA:88,4
DA:89,3
DA:94,40
DA:95,36
DA:97,30
DA:98,12
DA:101,18
DA:104,8
DA:106,4
DA:108,1
LF:37
LH:37
BRDA:48,0,0,5
BRDA:48,0,1,4
BRDA:50,1,0,1
BRDA:50,1,1,4
BRDA:58,2,0,3
BRDA:58,2,1,1
BRDA:64,3,0,3
BRDA:64,3,1,1
BRDA:70,4,0,3
BRDA:70,4,1,1
BRDA:76,5,0,3
BRDA:76,5,1,1
BRDA:82,6,0,3
BRDA:82,6,1,1
BRDA:88,7,0,3
BRDA:88,7,1,1
BRDA:94,8,0,4
BRDA:94,8,1,18
BRDA:97,9,0,12
BRDA:97,9,1,6
BRF:20
BRH:20
end_of_record
TN:
SF:src/modules/students/services/UpdateStudentService.ts
FN:9,(anonymous_19)
FN:10,UpdateStudentService
FN:15,(anonymous_21)
FNF:3
FNH:3
FNDA:1,(anonymous_19)
FNDA:2,UpdateStudentService
FNDA:2,(anonymous_21)
DA:1,1
DA:3,1
DA:9,1
DA:12,2
DA:15,2
DA:16,2
DA:18,2
DA:19,1
DA:24,1
DA:26,2
DA:28,1
DA:30,1
LF:12
LH:12
BRDA:16,0,0,2
BRDA:18,1,0,1
BRDA:18,1,1,1
BRF:3
BRH:3
end_of_record
TN:
SF:src/modules/users/services/AuthenticateUserService.ts
FN:22,(anonymous_21)
FN:23,AuthenticateUserService
FN:31,(anonymous_23)
FNF:3
FNH:3
FNDA:1,(anonymous_21)
FNDA:3,AuthenticateUserService
FNDA:3,(anonymous_23)
DA:1,1
DA:2,1
DA:5,1
DA:6,1
DA:22,1
DA:25,3
DA:28,3
DA:31,3
DA:32,3
DA:34,3
DA:35,1
DA:38,2
DA:43,2
DA:44,1
DA:47,1
DA:49,1
DA:51,1
DA:55,1
DA:60,1
DA:65,1
LF:20
LH:20
BRDA:32,0,0,3
BRDA:34,1,0,1
BRDA:34,1,1,2
BRDA:43,2,0,1
BRDA:43,2,1,1
BRF:5
BRH:5
end_of_record
TN:
SF:src/modules/users/services/CreateUserService.ts
FN:12,(anonymous_18)
FN:13,CreateUserService
FN:27,(anonymous_20)
FNF:3
FNH:3
FNDA:1,(anonymous_18)
FNDA:3,CreateUserService
FNDA:4,(anonymous_20)
DA:1,1
DA:3,1
DA:12,1
DA:15,3
DA:18,3
DA:21,3
DA:24,3
DA:27,1
DA:28,4
DA:29,4
DA:30,4
DA:32,4
DA:36,4
DA:37,1
DA:42,3
DA:46,3
DA:47,1
DA:52,2
DA:54,2
DA:60,4
DA:62,2
DA:64,1
LF:22
LH:22
BRDA:32,0,0,4
BRDA:36,1,0,1
BRDA:36,1,1,3
BRDA:46,2,0,1
BRDA:46,2,1,2
BRF:5
BRH:5
end_of_record
TN:
SF:src/modules/users/services/IndexUsersService.ts
FN:9,(anonymous_17)
FN:10,IndexUsersService
FN:18,(anonymous_19)
FNF:3
FNH:3
FNDA:1,(anonymous_17)
FNDA:3,IndexUsersService
FNDA:4,(anonymous_19)
DA:1,1
DA:2,1
DA:9,1
DA:12,3
DA:15,3
DA:18,1
DA:19,4
DA:21,5
DA:22,3
DA:24,6
DA:27,4
DA:29,1
LF:12
LH:12
BRDA:19,0,0,4
BRDA:19,0,1,4
BRDA:21,1,0,1
BRDA:21,1,1,3
BRF:4
BRH:4
end_of_record
TN:
SF:src/modules/users/services/UpdateUserService.ts
FN:12,(anonymous_18)
FN:13,UpdateUserService
FN:27,(anonymous_20)
FNF:3
FNH:3
FNDA:1,(anonymous_18)
FNDA:4,UpdateUserService
FNDA:4,(anonymous_20)
DA:1,1
DA:3,1
DA:12,1
DA:15,4
DA:18,4
DA:21,4
DA:24,4
DA:27,1
DA:28,4
DA:29,4
DA:30,4
DA:31,4
DA:33,4
DA:37,4
DA:38,1
DA:43,3
DA:47,3
DA:48,1
DA:51,2
DA:53,2
DA:54,1
DA:57,1
DA:59,1
DA:60,1
DA:61,1
DA:63,2
DA:65,2
DA:67,1
DA:69,1
LF:29
LH:29
BRDA:33,0,0,4
BRDA:37,1,0,1
BRDA:37,1,1,3
BRDA:37,2,0,4
BRDA:37,2,1,2
BRDA:47,3,0,1
BRDA:47,3,1,2
BRDA:53,4,0,1
BRDA:53,4,1,1
BRF:9
BRH:9
end_of_record
