TN:
SF:src\modules\agreements\services\CreateAgreementService.ts
FN:8,(anonymous_17)
FN:9,CreateAgreementService
FN:14,(anonymous_19)
FNF:3
FNH:0
FNDA:0,(anonymous_17)
FNDA:0,CreateAgreementService
FNDA:0,(anonymous_19)
DA:1,0
DA:8,0
DA:11,0
DA:14,0
DA:15,0
DA:17,0
DA:19,0
LF:7
LH:0
BRDA:15,0,0,0
BRF:1
BRH:0
end_of_record
TN:
SF:src\modules\contracts\services\CreateContractService.ts
FN:8,(anonymous_17)
FN:9,CreateContractService
FN:14,(anonymous_19)
FNF:3
FNH:0
FNDA:0,(anonymous_17)
FNDA:0,CreateContractService
FNDA:0,(anonymous_19)
DA:1,0
DA:8,0
DA:11,0
DA:14,0
DA:15,0
DA:17,0
DA:19,0
LF:7
LH:0
BRF:0
BRH:0
end_of_record
TN:
SF:src\modules\debits\services\CreateDebitService.ts
FN:9,(anonymous_17)
FN:10,CreateDebitService
FN:15,(anonymous_19)
FNF:3
FNH:0
FNDA:0,(anonymous_17)
FNDA:0,CreateDebitService
FNDA:0,(anonymous_19)
DA:1,0
DA:2,0
DA:9,0
DA:12,0
DA:15,0
DA:16,0
DA:17,0
DA:18,0
DA:19,0
DA:20,0
DA:22,0
DA:23,0
DA:25,0
DA:33,0
DA:35,0
LF:15
LH:0
BRF:0
BRH:0
end_of_record
TN:
SF:src\modules\debits\services\IndexDebitsService.ts
FN:7,(anonymous_17)
FN:8,IndexDebitsService
FN:13,(anonymous_19)
FNF:3
FNH:0
FNDA:0,(anonymous_17)
FNDA:0,IndexDebitsService
FNDA:0,(anonymous_19)
DA:1,0
DA:7,0
DA:10,0
DA:13,0
DA:14,0
DA:18,0
DA:20,0
LF:7
LH:0
BRDA:14,0,0,0
BRF:1
BRH:0
end_of_record
TN:
SF:src\modules\discharges\services\CreateDischargeService.ts
FN:10,(anonymous_18)
FN:11,CreateDischargeService
FN:18,(anonymous_20)
FNF:3
FNH:0
FNDA:0,(anonymous_18)
FNDA:0,CreateDischargeService
FNDA:0,(anonymous_20)
DA:1,0
DA:3,0
DA:10,0
DA:13,0
DA:15,0
DA:18,0
DA:19,0
DA:20,0
DA:22,0
DA:24,0
DA:25,0
DA:28,0
DA:29,0
DA:32,0
DA:37,0
DA:39,0
DA:41,0
DA:43,0
LF:18
LH:0
BRDA:22,0,0,0
BRDA:24,1,0,0
BRDA:24,1,1,0
BRDA:28,2,0,0
BRDA:28,2,1,0
BRF:5
BRH:0
end_of_record
TN:
SF:src\modules\enrollments\services\AprooveOrDisaprooveEnrollmentService.ts
FN:15,(anonymous_18)
FN:16,AprooveOrDisaprooveEnrollmentService
FN:21,(anonymous_20)
FNF:3
FNH:0
FNDA:0,(anonymous_18)
FNDA:0,AprooveOrDisaprooveEnrollmentService
FNDA:0,(anonymous_20)
DA:1,0
DA:2,0
DA:4,0
DA:6,0
DA:15,0
DA:18,0
DA:21,0
DA:22,0
DA:24,0
DA:25,0
DA:28,0
DA:29,0
DA:31,0
DA:33,0
DA:34,0
DA:36,0
DA:44,0
DA:47,0
DA:49,0
DA:51,0
LF:20
LH:0
BRDA:22,0,0,0
BRDA:24,1,0,0
BRDA:24,1,1,0
BRDA:28,2,0,0
BRDA:28,2,1,0
BRF:5
BRH:0
end_of_record
TN:
SF:src\modules\enrollments\services\CheckResponsiblesTypesService.ts
FN:4,(anonymous_1)
FN:5,(anonymous_3)
FN:8,(anonymous_4)
FN:16,(anonymous_5)
FNF:4
FNH:0
FNDA:0,(anonymous_1)
FNDA:0,(anonymous_3)
FNDA:0,(anonymous_4)
FNDA:0,(anonymous_5)
DA:1,0
DA:4,0
DA:5,0
DA:6,0
DA:8,0
DA:9,0
DA:12,0
DA:13,0
DA:14,0
DA:16,0
DA:17,0
DA:18,0
DA:19,0
DA:24,0
DA:27,0
DA:28,0
DA:31,0
DA:32,0
DA:37,0
LF:19
LH:0
BRDA:17,0,0,0
BRDA:17,0,1,0
BRDA:18,1,0,0
BRDA:18,1,1,0
BRDA:19,2,0,0
BRDA:19,2,1,0
BRDA:20,3,0,0
BRDA:20,3,1,0
BRDA:20,3,2,0
BRDA:20,3,3,0
BRDA:27,4,0,0
BRDA:27,4,1,0
BRDA:27,5,0,0
BRDA:27,5,1,0
BRDA:31,6,0,0
BRDA:31,6,1,0
BRF:16
BRH:0
end_of_record
TN:
SF:src\modules\enrollments\services\CheckResponsiblesUniqueValuesService.ts
FN:4,(anonymous_1)
FN:5,(anonymous_3)
FN:20,(anonymous_4)
FN:22,(anonymous_5)
FN:24,(anonymous_6)
FN:45,(anonymous_7)
FN:46,(anonymous_8)
FN:51,(anonymous_9)
FNF:8
FNH:0
FNDA:0,(anonymous_1)
FNDA:0,(anonymous_3)
FNDA:0,(anonymous_4)
FNDA:0,(anonymous_5)
FNDA:0,(anonymous_6)
FNDA:0,(anonymous_7)
FNDA:0,(anonymous_8)
FNDA:0,(anonymous_9)
DA:1,0
DA:4,0
DA:5,0
DA:6,0
DA:8,0
DA:20,0
DA:22,0
DA:23,0
DA:25,0
DA:26,0
DA:27,0
DA:34,0
DA:35,0
DA:36,0
DA:40,0
DA:42,0
DA:45,0
DA:46,0
DA:47,0
DA:48,0
DA:51,0
DA:52,0
DA:60,0
DA:61,0
DA:65,0
LF:25
LH:0
BRDA:8,0,0,0
BRDA:8,0,1,0
BRDA:9,1,0,0
BRDA:9,1,1,0
BRDA:9,1,2,0
BRDA:9,1,3,0
BRDA:9,1,4,0
BRDA:9,1,5,0
BRDA:9,1,6,0
BRDA:9,1,7,0
BRDA:9,1,8,0
BRDA:9,1,9,0
BRDA:26,2,0,0
BRDA:26,2,1,0
BRDA:34,3,0,0
BRDA:34,3,1,0
BRDA:35,4,0,0
BRDA:35,4,1,0
BRDA:36,5,0,0
BRDA:36,5,1,0
BRDA:37,6,0,0
BRDA:37,6,1,0
BRDA:47,7,0,0
BRDA:47,7,1,0
BRDA:53,8,0,0
BRDA:53,8,1,0
BRDA:53,8,2,0
BRDA:53,8,3,0
BRDA:60,9,0,0
BRDA:60,9,1,0
BRF:30
BRH:0
end_of_record
TN:
SF:src\modules\enrollments\services\CreateEnrollmentService.ts
FN:26,(anonymous_18)
FN:27,CreateEnrollmentService
FN:47,(anonymous_20)
FN:146,(anonymous_23)
FN:171,(anonymous_24)
FN:186,(anonymous_25)
FN:188,(anonymous_26)
FN:189,(anonymous_27)
FNF:8
FNH:0
FNDA:0,(anonymous_18)
FNDA:0,CreateEnrollmentService
FNDA:0,(anonymous_20)
FNDA:0,(anonymous_23)
FNDA:0,(anonymous_24)
FNDA:0,(anonymous_25)
FNDA:0,(anonymous_26)
FNDA:0,(anonymous_27)
DA:1,0
DA:12,0
DA:26,0
DA:29,0
DA:32,0
DA:35,0
DA:38,0
DA:41,0
DA:44,0
DA:47,0
DA:48,0
DA:49,0
DA:50,0
DA:51,0
DA:53,0
DA:54,0
DA:59,0
DA:60,0
DA:65,0
DA:66,0
DA:71,0
DA:73,0
DA:77,0
DA:78,0
DA:81,0
DA:86,0
DA:87,0
DA:95,0
DA:96,0
DA:100,0
DA:104,0
DA:105,0
DA:110,0
DA:112,0
DA:117,0
DA:119,0
DA:120,0
DA:124,0
DA:130,0
DA:136,0
DA:139,0
DA:146,0
DA:150,0
DA:152,0
DA:159,0
DA:166,0
DA:168,0
DA:171,0
DA:172,0
DA:174,0
DA:186,0
DA:188,0
DA:189,0
DA:190,0
DA:192,0
DA:193,0
DA:196,0
DA:199,0
DA:202,0
DA:204,0
DA:206,0
DA:207,0
DA:211,0
DA:213,0
LF:64
LH:0
BRDA:100,0,0,0
BRDA:100,0,1,0
BRDA:53,1,0,0
BRDA:53,1,1,0
BRDA:59,2,0,0
BRDA:59,2,1,0
BRDA:65,3,0,0
BRDA:65,3,1,0
BRDA:77,4,0,0
BRDA:77,4,1,0
BRDA:77,5,0,0
BRDA:77,5,1,0
BRDA:86,6,0,0
BRDA:86,6,1,0
BRDA:95,7,0,0
BRDA:95,7,1,0
BRDA:104,8,0,0
BRDA:104,8,1,0
BRDA:119,9,0,0
BRDA:119,9,1,0
BRDA:174,10,0,0
BRDA:174,10,1,0
BRDA:175,11,0,0
BRDA:175,11,1,0
BRDA:175,11,2,0
BRDA:175,11,3,0
BRDA:175,11,4,0
BRDA:175,11,5,0
BRDA:175,11,6,0
BRDA:175,11,7,0
BRDA:175,11,8,0
BRDA:175,11,9,0
BRDA:192,12,0,0
BRDA:192,12,1,0
BRDA:202,13,0,0
BRDA:202,13,1,0
BRDA:204,14,0,0
BRDA:204,14,1,0
BRDA:206,15,0,0
BRDA:206,15,1,0
BRDA:206,16,0,0
BRDA:206,16,1,0
BRF:42
BRH:0
end_of_record
TN:
SF:src\modules\enrollments\services\FindEnrollmentByIdService.ts
FN:9,(anonymous_18)
FN:10,FindEnrollmentByIdService
FN:17,(anonymous_20)
FNF:3
FNH:0
FNDA:0,(anonymous_18)
FNDA:0,FindEnrollmentByIdService
FNDA:0,(anonymous_20)
DA:1,0
DA:3,0
DA:9,0
DA:12,0
DA:14,0
DA:17,0
DA:18,0
DA:20,0
DA:21,0
DA:24,0
DA:25,0
DA:29,0
DA:30,0
DA:34,0
DA:36,0
LF:15
LH:0
BRDA:18,0,0,0
BRDA:18,0,1,0
BRDA:20,1,0,0
BRDA:20,1,1,0
BRDA:24,2,0,0
BRDA:24,2,1,0
BRDA:29,3,0,0
BRDA:29,3,1,0
BRF:8
BRH:0
end_of_record
TN:
SF:src\modules\enrollments\services\IndexEnrollmentsService.ts
FN:19,(anonymous_18)
FN:20,IndexEnrollmentsService
FN:25,(anonymous_20)
FNF:3
FNH:0
FNDA:0,(anonymous_18)
FNDA:0,IndexEnrollmentsService
FNDA:0,(anonymous_20)
DA:1,0
DA:3,0
DA:19,0
DA:22,0
DA:25,0
DA:26,0
DA:27,0
DA:28,0
DA:30,0
DA:34,0
DA:38,0
DA:41,0
DA:42,0
DA:45,0
DA:46,0
DA:49,0
DA:50,0
DA:53,0
DA:56,0
DA:57,0
DA:60,0
DA:65,0
DA:71,0
DA:73,0
LF:24
LH:0
BRDA:34,0,0,0
BRDA:34,0,1,0
BRDA:35,1,0,0
BRDA:35,1,1,0
BRDA:41,2,0,0
BRDA:41,2,1,0
BRDA:45,3,0,0
BRDA:45,3,1,0
BRDA:49,4,0,0
BRDA:49,4,1,0
BRDA:56,5,0,0
BRDA:56,5,1,0
BRF:12
BRH:0
end_of_record
TN:
SF:src\modules\grades\services\CreateGradeService.ts
FN:8,(anonymous_17)
FN:9,CreateGradeService
FN:14,(anonymous_19)
FNF:3
FNH:0
FNDA:0,(anonymous_17)
FNDA:0,CreateGradeService
FNDA:0,(anonymous_19)
DA:2,0
DA:8,0
DA:11,0
DA:14,0
DA:15,0
DA:17,0
DA:19,0
LF:7
LH:0
BRDA:15,0,0,0
BRF:1
BRH:0
end_of_record
TN:
SF:src\modules\grades\services\FindGradeByIdService.ts
FN:7,(anonymous_17)
FN:8,FindGradeByIdService
FN:13,(anonymous_19)
FNF:3
FNH:0
FNDA:0,(anonymous_17)
FNDA:0,FindGradeByIdService
FNDA:0,(anonymous_19)
DA:1,0
DA:7,0
DA:10,0
DA:13,0
DA:14,0
DA:16,0
DA:18,0
LF:7
LH:0
BRDA:14,0,0,0
BRF:1
BRH:0
end_of_record
TN:
SF:src\modules\grades\services\IndexGradesService.ts
FN:7,(anonymous_17)
FN:8,IndexGradesService
FN:13,(anonymous_19)
FNF:3
FNH:0
FNDA:0,(anonymous_17)
FNDA:0,IndexGradesService
FNDA:0,(anonymous_19)
DA:1,0
DA:7,0
DA:10,0
DA:13,0
DA:14,0
DA:16,0
DA:18,0
LF:7
LH:0
BRDA:14,0,0,0
BRF:1
BRH:0
end_of_record
TN:
SF:src\modules\grades\services\UpdateGradeService.ts
FN:9,(anonymous_18)
FN:10,CreateGradeService
FN:15,(anonymous_20)
FNF:3
FNH:0
FNDA:0,(anonymous_18)
FNDA:0,CreateGradeService
FNDA:0,(anonymous_20)
DA:2,0
DA:4,0
DA:9,0
DA:12,0
DA:15,0
DA:16,0
DA:17,0
DA:18,0
DA:19,0
DA:21,0
DA:23,0
DA:24,0
DA:27,0
DA:28,0
DA:29,0
DA:31,0
DA:33,0
DA:35,0
LF:18
LH:0
BRDA:21,0,0,0
BRDA:23,1,0,0
BRDA:23,1,1,0
BRF:3
BRH:0
end_of_record
TN:
SF:src\modules\payments\services\CreatePaymentService.ts
FN:10,(anonymous_18)
FN:11,CreatePaymentService
FN:18,(anonymous_20)
FNF:3
FNH:0
FNDA:0,(anonymous_18)
FNDA:0,CreatePaymentService
FNDA:0,(anonymous_20)
DA:1,0
DA:3,0
DA:10,0
DA:13,0
DA:15,0
DA:18,0
DA:19,0
DA:20,0
DA:21,0
DA:23,0
DA:25,0
DA:26,0
DA:29,0
DA:30,0
DA:33,0
DA:40,0
DA:42,0
DA:44,0
DA:46,0
LF:19
LH:0
BRDA:23,0,0,0
BRDA:25,1,0,0
BRDA:25,1,1,0
BRDA:29,2,0,0
BRDA:29,2,1,0
BRF:5
BRH:0
end_of_record
TN:
SF:src\modules\payments\services\IndexPaymentsService.ts
FN:7,(anonymous_17)
FN:8,IndexPaymentsService
FN:13,(anonymous_19)
FN:18,(anonymous_22)
FNF:4
FNH:0
FNDA:0,(anonymous_17)
FNDA:0,IndexPaymentsService
FNDA:0,(anonymous_19)
FNDA:0,(anonymous_22)
DA:1,0
DA:7,0
DA:10,0
DA:13,0
DA:14,0
DA:16,0
DA:18,0
DA:19,0
DA:21,0
DA:23,0
DA:26,0
DA:28,0
LF:12
LH:0
BRDA:14,0,0,0
BRF:1
BRH:0
end_of_record
TN:
SF:src\modules\persons\services\CreatePersonService.ts
FN:9,(anonymous_18)
FN:10,CreatePersonService
FN:15,(anonymous_20)
FNF:3
FNH:0
FNDA:0,(anonymous_18)
FNDA:0,CreatePersonService
FNDA:0,(anonymous_20)
DA:1,0
DA:3,0
DA:9,0
DA:12,0
DA:15,0
DA:16,0
DA:24,0
DA:25,0
DA:28,0
DA:30,0
DA:32,0
LF:11
LH:0
BRDA:16,0,0,0
BRDA:24,1,0,0
BRDA:24,1,1,0
BRF:3
BRH:0
end_of_record
TN:
SF:src\modules\persons\services\FindPersonByCpfService.ts
FN:13,(anonymous_18)
FN:14,FindPersonByCpfService
FN:19,(anonymous_20)
FNF:3
FNH:3
FNDA:1,(anonymous_18)
FNDA:2,FindPersonByCpfService
FNDA:2,(anonymous_20)
DA:1,1
DA:3,1
DA:13,1
DA:16,2
DA:19,1
DA:20,2
DA:22,2
DA:23,1
DA:28,1
DA:30,1
DA:32,1
LF:11
LH:11
BRDA:20,0,0,2
BRDA:22,1,0,1
BRDA:22,1,1,1
BRF:3
BRH:3
end_of_record
TN:
SF:src\modules\persons\services\UpdatePersonPhotosService.ts
FN:23,(anonymous_18)
FN:24,UpdatePersonPhotosService
FN:29,(anonymous_20)
FNF:3
FNH:0
FNDA:0,(anonymous_18)
FNDA:0,UpdatePersonPhotosService
FNDA:0,(anonymous_20)
DA:1,0
DA:2,0
DA:3,0
DA:5,0
DA:6,0
DA:23,0
DA:26,0
DA:29,0
DA:30,0
DA:31,0
DA:32,0
DA:33,0
DA:35,0
DA:37,0
DA:38,0
DA:41,0
DA:43,0
DA:44,0
DA:45,0
DA:46,0
DA:51,0
DA:52,0
DA:53,0
DA:59,0
DA:61,0
DA:62,0
DA:67,0
DA:70,0
DA:72,0
DA:74,0
LF:30
LH:0
BRDA:35,0,0,0
BRDA:35,0,1,0
BRDA:37,1,0,0
BRDA:37,1,1,0
BRDA:43,2,0,0
BRDA:43,2,1,0
BRDA:44,3,0,0
BRDA:44,3,1,0
BRDA:45,4,0,0
BRDA:45,4,1,0
BRDA:51,5,0,0
BRDA:51,5,1,0
BRDA:52,6,0,0
BRDA:52,6,1,0
BRDA:61,7,0,0
BRDA:61,7,1,0
BRF:16
BRH:0
end_of_record
TN:
SF:src\modules\profiles\services\CreateProfileService.ts
FN:9,(anonymous_18)
FN:10,CreateProfileService
FN:15,(anonymous_20)
FNF:3
FNH:0
FNDA:0,(anonymous_18)
FNDA:0,CreateProfileService
FNDA:0,(anonymous_20)
DA:1,0
DA:4,0
DA:9,0
DA:12,0
DA:15,0
DA:16,0
DA:17,0
DA:18,0
DA:19,0
DA:20,0
DA:21,0
DA:22,0
DA:23,0
DA:25,0
DA:29,0
DA:30,0
DA:33,0
DA:44,0
DA:46,0
DA:48,0
LF:20
LH:0
BRDA:25,0,0,0
BRDA:29,1,0,0
BRDA:29,1,1,0
BRF:3
BRH:0
end_of_record
TN:
SF:src\modules\profiles\services\IndexProfilesService.ts
FN:7,(anonymous_17)
FN:8,IndexProfilesService
FN:13,(anonymous_19)
FNF:3
FNH:0
FNDA:0,(anonymous_17)
FNDA:0,IndexProfilesService
FNDA:0,(anonymous_19)
DA:1,0
DA:7,0
DA:10,0
DA:13,0
DA:14,0
DA:16,0
DA:18,0
LF:7
LH:0
BRDA:14,0,0,0
BRF:1
BRH:0
end_of_record
TN:
SF:src\modules\profiles\services\UpdateProfileService.ts
FN:8,(anonymous_18)
FN:9,UpdateProfileService
FN:14,(anonymous_20)
FNF:3
FNH:0
FNDA:0,(anonymous_18)
FNDA:0,UpdateProfileService
FNDA:0,(anonymous_20)
DA:1,0
DA:4,0
DA:8,0
DA:11,0
DA:14,0
DA:15,0
DA:16,0
DA:17,0
DA:18,0
DA:19,0
DA:20,0
DA:21,0
DA:22,0
DA:23,0
DA:25,0
DA:27,0
DA:28,0
DA:31,0
DA:35,0
DA:36,0
DA:39,0
DA:40,0
DA:41,0
DA:42,0
DA:43,0
DA:44,0
DA:45,0
DA:46,0
DA:48,0
DA:50,0
DA:52,0
DA:54,0
LF:32
LH:0
BRDA:25,0,0,0
BRDA:27,1,0,0
BRDA:27,1,1,0
BRDA:35,2,0,0
BRDA:35,2,1,0
BRDA:35,3,0,0
BRDA:35,3,1,0
BRF:7
BRH:0
end_of_record
TN:
SF:src\modules\relationships\services\CreateRelationshipService.ts
FN:8,(anonymous_17)
FN:9,CreateRelationshipService
FN:14,(anonymous_19)
FNF:3
FNH:0
FNDA:0,(anonymous_17)
FNDA:0,CreateRelationshipService
FNDA:0,(anonymous_19)
DA:1,0
DA:8,0
DA:11,0
DA:14,0
DA:15,0
DA:17,0
DA:19,0
LF:7
LH:0
BRDA:15,0,0,0
BRF:1
BRH:0
end_of_record
TN:
SF:src\modules\students\services\CreateStudentService.ts
FN:8,(anonymous_17)
FN:9,CreateStudentService
FN:14,(anonymous_19)
FNF:3
FNH:0
FNDA:0,(anonymous_17)
FNDA:0,CreateStudentService
FNDA:0,(anonymous_19)
DA:1,0
DA:8,0
DA:11,0
DA:14,0
DA:15,0
DA:17,0
DA:19,0
LF:7
LH:0
BRDA:15,0,0,0
BRF:1
BRH:0
end_of_record
TN:
SF:src\modules\students\services\UpdateStudentPhotosService.ts
FN:32,(anonymous_18)
FN:33,UpdateStudentPhotosService
FN:38,(anonymous_20)
FNF:3
FNH:0
FNDA:0,(anonymous_18)
FNDA:0,UpdateStudentPhotosService
FNDA:0,(anonymous_20)
DA:1,0
DA:2,0
DA:3,0
DA:5,0
DA:6,0
DA:32,0
DA:35,0
DA:38,0
DA:39,0
DA:40,0
DA:41,0
DA:42,0
DA:43,0
DA:44,0
DA:45,0
DA:47,0
DA:49,0
DA:50,0
DA:53,0
DA:55,0
DA:56,0
DA:61,0
DA:62,0
DA:67,0
DA:68,0
DA:73,0
DA:74,0
DA:79,0
DA:80,0
DA:85,0
DA:86,0
DA:91,0
DA:92,0
DA:93,0
DA:99,0
DA:101,0
DA:102,0
DA:107,0
DA:110,0
DA:112,0
DA:114,0
LF:41
LH:0
BRDA:47,0,0,0
BRDA:47,0,1,0
BRDA:49,1,0,0
BRDA:49,1,1,0
BRDA:55,2,0,0
BRDA:55,2,1,0
BRDA:61,3,0,0
BRDA:61,3,1,0
BRDA:67,4,0,0
BRDA:67,4,1,0
BRDA:73,5,0,0
BRDA:73,5,1,0
BRDA:79,6,0,0
BRDA:79,6,1,0
BRDA:85,7,0,0
BRDA:85,7,1,0
BRDA:91,8,0,0
BRDA:91,8,1,0
BRDA:92,9,0,0
BRDA:92,9,1,0
BRDA:101,10,0,0
BRDA:101,10,1,0
BRF:22
BRH:0
end_of_record
TN:
SF:src\modules\users\services\AuthenticateUserService.ts
FN:21,(anonymous_18)
FN:22,AuthenticateUserService
FN:27,(anonymous_20)
FNF:3
FNH:0
FNDA:0,(anonymous_18)
FNDA:0,AuthenticateUserService
FNDA:0,(anonymous_20)
DA:1,0
DA:2,0
DA:3,0
DA:6,0
DA:7,0
DA:21,0
DA:24,0
DA:27,0
DA:28,0
DA:30,0
DA:31,0
DA:34,0
DA:36,0
DA:37,0
DA:40,0
DA:42,0
DA:61,0
DA:66,0
LF:18
LH:0
BRDA:28,0,0,0
BRDA:30,1,0,0
BRDA:30,1,1,0
BRDA:36,2,0,0
BRDA:36,2,1,0
BRF:5
BRH:0
end_of_record
TN:
SF:src\modules\users\services\CreateUserService.ts
FN:10,(anonymous_18)
FN:11,CreateUserService
FN:16,(anonymous_20)
FNF:3
FNH:0
FNDA:0,(anonymous_18)
FNDA:0,CreateUserService
FNDA:0,(anonymous_20)
DA:1,0
DA:2,0
DA:4,0
DA:10,0
DA:13,0
DA:16,0
DA:17,0
DA:18,0
DA:19,0
DA:21,0
DA:25,0
DA:26,0
DA:29,0
DA:31,0
DA:37,0
DA:39,0
DA:41,0
LF:17
LH:0
BRDA:21,0,0,0
BRDA:25,1,0,0
BRDA:25,1,1,0
BRF:3
BRH:0
end_of_record
TN:
SF:src\modules\users\services\IndexUsersService.ts
FN:7,(anonymous_17)
FN:8,IndexUsersService
FN:13,(anonymous_19)
FN:16,(anonymous_22)
FNF:4
FNH:0
FNDA:0,(anonymous_17)
FNDA:0,IndexUsersService
FNDA:0,(anonymous_19)
FNDA:0,(anonymous_22)
DA:1,0
DA:7,0
DA:10,0
DA:13,0
DA:14,0
DA:16,0
DA:17,0
DA:20,0
DA:22,0
LF:9
LH:0
BRDA:14,0,0,0
BRF:1
BRH:0
end_of_record
TN:
SF:src\modules\users\services\UpdateUserService.ts
FN:10,(anonymous_18)
FN:11,UpdateUserService
FN:16,(anonymous_20)
FNF:3
FNH:0
FNDA:0,(anonymous_18)
FNDA:0,UpdateUserService
FNDA:0,(anonymous_20)
DA:1,0
DA:2,0
DA:4,0
DA:10,0
DA:13,0
DA:16,0
DA:17,0
DA:18,0
DA:19,0
DA:20,0
DA:22,0
DA:26,0
DA:27,0
DA:30,0
DA:32,0
DA:33,0
DA:36,0
DA:38,0
DA:39,0
DA:40,0
DA:42,0
DA:44,0
DA:46,0
DA:48,0
LF:24
LH:0
BRDA:22,0,0,0
BRDA:26,1,0,0
BRDA:26,1,1,0
BRDA:26,2,0,0
BRDA:26,2,1,0
BRDA:32,3,0,0
BRDA:32,3,1,0
BRF:7
BRH:0
end_of_record
